[    2572ms] [ERROR] Failed to load resource: the server responded with a status of 400 () @ https://www.instagram.com/graphql/query/?doc_id=18113378221181848&variables=%7B%22include_chaining%22%3Afalse%2C%22include_highlight_reels%22%3Atrue%2C%22include_live_status%22%3Afalse%2C%22include_logged_out_extras%22%3Atrue%2C%22include_reel%22%3Afalse%2C%22include_suggested_users%22%3Afalse%2C%22user_id%22%3A%2263621338863%22%7D:0
[    2591ms] [ERROR] ErrorUtils caught an error:

invalid request [Caught in: unexpected]

Subsequent non-fatal errors won't be logged; see https://fburl.com/debugjs. {clientTime: 1774202938, extra: Object, guardList: Array(0), hash: r4oy31, isNormalizedError: true} @ https://static.cdninstagram.com/rsrc.php/v4/y9/r/XTTbkH9A15N.js:78
[  123099ms] [ERROR] Failed to load resource: the server responded with a status of 400 () @ https://www.instagram.com/graphql/query/?doc_id=18113378221181848&variables=%7B%22include_chaining%22%3Afalse%2C%22include_highlight_reels%22%3Atrue%2C%22include_live_status%22%3Afalse%2C%22include_logged_out_extras%22%3Atrue%2C%22include_reel%22%3Afalse%2C%22include_suggested_users%22%3Afalse%2C%22user_id%22%3A%2263621338863%22%7D:0
[  123100ms] [ERROR] ErrorUtils caught an error:

invalid request [Caught in: unexpected]

Subsequent non-fatal errors won't be logged; see https://fburl.com/debugjs. {clientTime: 1774203059, extra: Object, guardList: Array(0), hash: r4oy31, isNormalizedError: true} @ https://static.cdninstagram.com/rsrc.php/v4/y9/r/XTTbkH9A15N.js:78
[  168264ms] [ERROR] ErrorUtils caught an error:

Minified React error #418; visit https://react.dev/errors/418?args[]=HTML&args[]= for the full message or use the non-minified dev environment for full errors and additional helpful warnings.

Subsequent non-fatal errors won't be logged; see https://fburl.com/debugjs. {column: 28569, clientTime: 1774203104, componentStackFrames: Array(133), extra: Object, guardList: Array(1)} @ https://static.cdninstagram.com/rsrc.php/v4/y9/r/XTTbkH9A15N.js:78
[  168270ms] Error: Minified React error #418; visit https://react.dev/errors/418?args[]=HTML&args[]= for the full message or use the non-minified dev environment for full errors and additional helpful warnings.
    at cr (https://static.cdninstagram.com/rsrc.php/v4iLOZ4/yX/l/ru_RU/HYYusYnWJG-l51wa_eqlQItaiFTGNPgtWOsuP1PSPHsC9tES2U8CSwg.js:1007:28569)
    at Ul (https://static.cdninstagram.com/rsrc.php/v4iLOZ4/yX/l/ru_RU/HYYusYnWJG-l51wa_eqlQItaiFTGNPgtWOsuP1PSPHsC9tES2U8CSwg.js:1007:80274)
    at ns (https://static.cdninstagram.com/rsrc.php/v4iLOZ4/yX/l/ru_RU/HYYusYnWJG-l51wa_eqlQItaiFTGNPgtWOsuP1PSPHsC9tES2U8CSwg.js:1007:89010)
    at vd (https://static.cdninstagram.com/rsrc.php/v4iLOZ4/yX/l/ru_RU/HYYusYnWJG-l51wa_eqlQItaiFTGNPgtWOsuP1PSPHsC9tES2U8CSwg.js:1007:141030)
    at bd (https://static.cdninstagram.com/rsrc.php/v4iLOZ4/yX/l/ru_RU/HYYusYnWJG-l51wa_eqlQItaiFTGNPgtWOsuP1PSPHsC9tES2U8CSwg.js:1007:141002)
    at Cd (https://static.cdninstagram.com/rsrc.php/v4iLOZ4/yX/l/ru_RU/HYYusYnWJG-l51wa_eqlQItaiFTGNPgtWOsuP1PSPHsC9tES2U8CSwg.js:1007:140858)
    at od (https://static.cdninstagram.com/rsrc.php/v4iLOZ4/yX/l/ru_RU/HYYusYnWJG-l51wa_eqlQItaiFTGNPgtWOsuP1PSPHsC9tES2U8CSwg.js:1007:136026)
    at Xr (https://static.cdninstagram.com/rsrc.php/v4iLOZ4/yX/l/ru_RU/HYYusYnWJG-l51wa_eqlQItaiFTGNPgtWOsuP1PSPHsC9tES2U8CSwg.js:1007:35484)
    at Object.applyWithGuard (https://static.cdninstagram.com/rsrc.php/v4/y9/r/XTTbkH9A15N.js:79:10303)
    at e (https://static.cdninstagram.com/rsrc.php/v4/y9/r/XTTbkH9A15N.js:79:11000)
    at MessagePort.N (https://static.cdninstagram.com/rsrc.php/v4/y9/r/XTTbkH9A15N.js:245:1878)
[  168531ms] [ERROR] Failed to load resource: the server responded with a status of 400 () @ https://www.instagram.com/graphql/query/?doc_id=18113378221181848&variables=%7B%22include_chaining%22%3Afalse%2C%22include_highlight_reels%22%3Atrue%2C%22include_live_status%22%3Afalse%2C%22include_logged_out_extras%22%3Atrue%2C%22include_reel%22%3Afalse%2C%22include_suggested_users%22%3Afalse%2C%22user_id%22%3A%2263621338863%22%7D:0
